<?xml version="1.0" encoding="UTF-8"?>
<!-- Generated by org.testng.reporters.JUnitReportReporter -->
<testsuite skipped="0" hostname="User-PC" name="OrangeHRM.LoginTest" tests="1" failures="0" timestamp="27 Feb 2018 13:21:13 GMT" time="19.424" errors="0">
  <testcase name="f" time="19.424" classname="OrangeHRM.LoginTest"/>
</testsuite> <!-- OrangeHRM.LoginTest -->
